<?xml version="1.0" encoding="UTF-8"?>
<!-- Generated by org.testng.reporters.JUnitReportReporter -->
<testsuite hostname="LGA-1850012673" name="Tests.WebViewTest" tests="1" failures="0" timestamp="2 Nov 2015 18:08:35 GMT" time="16.087" errors="0">
  <testcase name="testWebView" time="16.087" classname="Tests.WebViewTest"/>
</testsuite> <!-- Tests.WebViewTest -->
